The target system is: Generic -  - arm
The host system is: Linux - 4.4.0-17134-Microsoft - x86_64
Compiling the C compiler identification source file "CMakeCCompilerId.c" succeeded.
Compiler: /usr/bin/arm-none-eabi-gcc 
Build flags: -Os;-Wall;-nostdlib;-ffunction-sections;-fdata-sections;-mcpu=cortex-m4;-mthumb;-DTIME_T=1421620748
Id flags:  

The output was:
0
/usr/lib/gcc/arm-none-eabi/4.9.3/../../../arm-none-eabi/bin/ld: warning: cannot find entry symbol _start; defaulting to 0000000000008000


Compilation of the C compiler identification source "CMakeCCompilerId.c" produced "a.out"

The C compiler identification is GNU, found in "/mnt/c/Users/johnp/Documents/PlatformIO/Projects/CCD_CAN_BridgeStuff/build/CMakeFiles/3.11.1/CompilerIdC/a.out"

Compiling the CXX compiler identification source file "CMakeCXXCompilerId.cpp" succeeded.
Compiler: /usr/bin/arm-none-eabi-g++ 
Build flags: -Os;-Wall;-nostdlib;-ffunction-sections;-fdata-sections;-mcpu=cortex-m4;-mthumb;-fno-exceptions;-fno-rtti;-felide-constructors;-std=gnu++0x
Id flags:  

The output was:
0
/usr/lib/gcc/arm-none-eabi/4.9.3/../../../arm-none-eabi/bin/ld: warning: cannot find entry symbol _start; defaulting to 0000000000008000


Compilation of the CXX compiler identification source "CMakeCXXCompilerId.cpp" produced "a.out"

The CXX compiler identification is GNU, found in "/mnt/c/Users/johnp/Documents/PlatformIO/Projects/CCD_CAN_BridgeStuff/build/CMakeFiles/3.11.1/CompilerIdCXX/a.out"

Determining if the C compiler works passed with the following output:
Change Dir: /mnt/c/Users/johnp/Documents/PlatformIO/Projects/CCD_CAN_BridgeStuff/build/CMakeFiles/CMakeTmp

Run Build Command:"/usr/bin/make" "cmTC_9cfe1/fast"
/usr/bin/make -f CMakeFiles/cmTC_9cfe1.dir/build.make CMakeFiles/cmTC_9cfe1.dir/build
make[1]: Entering directory '/mnt/c/Users/johnp/Documents/PlatformIO/Projects/CCD_CAN_BridgeStuff/build/CMakeFiles/CMakeTmp'
Building C object CMakeFiles/cmTC_9cfe1.dir/testCCompiler.c.obj
/usr/bin/arm-none-eabi-gcc -DARDUINO=106 -DLAYOUT_US_ENGLISH -DTEENSYDUINO=120 -DUSB_PID=null -DUSB_VID=null -D__MK20DX256__ -I/mnt/c/Users/johnp/Desktop/cores/teensy3  -Os -Wall -nostdlib -ffunction-sections -fdata-sections -mcpu=cortex-m4 -mthumb -DTIME_T=1421620748    -MMD -o CMakeFiles/cmTC_9cfe1.dir/testCCompiler.c.obj   -c /mnt/c/Users/johnp/Documents/PlatformIO/Projects/CCD_CAN_BridgeStuff/build/CMakeFiles/CMakeTmp/testCCompiler.c
Linking C executable cmTC_9cfe1
/usr/local/bin/cmake -E cmake_link_script CMakeFiles/cmTC_9cfe1.dir/link.txt --verbose=1
/usr/bin/arm-none-eabi-gcc -Os -Wall -nostdlib -ffunction-sections -fdata-sections -mcpu=cortex-m4 -mthumb -DTIME_T=1421620748   -Os -Wl,--gc-sections -mcpu=cortex-m4 -mthumb -T/mnt/c/Users/johnp/Desktop/cores/teensy3/mk20dx256.ld  CMakeFiles/cmTC_9cfe1.dir/testCCompiler.c.obj  -o cmTC_9cfe1 
make[1]: Leaving directory '/mnt/c/Users/johnp/Documents/PlatformIO/Projects/CCD_CAN_BridgeStuff/build/CMakeFiles/CMakeTmp'


Detecting C compiler ABI info compiled with the following output:
Change Dir: /mnt/c/Users/johnp/Documents/PlatformIO/Projects/CCD_CAN_BridgeStuff/build/CMakeFiles/CMakeTmp

Run Build Command:"/usr/bin/make" "cmTC_b9651/fast"
/usr/bin/make -f CMakeFiles/cmTC_b9651.dir/build.make CMakeFiles/cmTC_b9651.dir/build
make[1]: Entering directory '/mnt/c/Users/johnp/Documents/PlatformIO/Projects/CCD_CAN_BridgeStuff/build/CMakeFiles/CMakeTmp'
Building C object CMakeFiles/cmTC_b9651.dir/CMakeCCompilerABI.c.obj
/usr/bin/arm-none-eabi-gcc -DARDUINO=106 -DLAYOUT_US_ENGLISH -DTEENSYDUINO=120 -DUSB_PID=null -DUSB_VID=null -D__MK20DX256__ -I/mnt/c/Users/johnp/Desktop/cores/teensy3  -Os -Wall -nostdlib -ffunction-sections -fdata-sections -mcpu=cortex-m4 -mthumb -DTIME_T=1421620748    -MMD -o CMakeFiles/cmTC_b9651.dir/CMakeCCompilerABI.c.obj   -c /usr/local/share/cmake-3.11/Modules/CMakeCCompilerABI.c
Linking C executable cmTC_b9651
/usr/local/bin/cmake -E cmake_link_script CMakeFiles/cmTC_b9651.dir/link.txt --verbose=1
/usr/bin/arm-none-eabi-gcc -Os -Wall -nostdlib -ffunction-sections -fdata-sections -mcpu=cortex-m4 -mthumb -DTIME_T=1421620748   -Os -Wl,--gc-sections -mcpu=cortex-m4 -mthumb -T/mnt/c/Users/johnp/Desktop/cores/teensy3/mk20dx256.ld -v CMakeFiles/cmTC_b9651.dir/CMakeCCompilerABI.c.obj  -o cmTC_b9651 
Using built-in specs.
COLLECT_GCC=/usr/bin/arm-none-eabi-gcc
COLLECT_LTO_WRAPPER=/usr/lib/gcc/arm-none-eabi/4.9.3/lto-wrapper
Target: arm-none-eabi
Configured with: ../src/configure --build=x86_64-linux-gnu --prefix=/usr --includedir='/usr/lib/include' --mandir='/usr/lib/share/man' --infodir='/usr/lib/share/info' --sysconfdir=/etc --localstatedir=/var --disable-silent-rules --libdir='/usr/lib/lib/x86_64-linux-gnu' --libexecdir='/usr/lib/lib/x86_64-linux-gnu' --disable-maintainer-mode --disable-dependency-tracking --mandir=/usr/share/man --enable-languages=c,c++,lto --enable-multilib --disable-decimal-float --disable-libffi --disable-libgomp --disable-libmudflap --disable-libquadmath --disable-libssp --disable-libstdcxx-pch --disable-nls --disable-shared --disable-threads --disable-tls --build=x86_64-linux-gnu --target=arm-none-eabi --with-system-zlib --with-gnu-as --with-gnu-ld --with-pkgversion=15:4.9.3+svn231177-1 --without-included-gettext --prefix=/usr/lib --infodir=/usr/share/doc/gcc-arm-none-eabi/info --htmldir=/usr/share/doc/gcc-arm-none-eabi/html --pdfdir=/usr/share/doc/gcc-arm-none-eabi/pdf --bindir=/usr/bin --libexecdir=/usr/lib --libdir=/usr/lib --disable-libstdc++-v3 --host=x86_64-linux-gnu --with-headers=no --without-newlib --with-multilib-list=armv6-m,armv7-m,armv7e-m,armv7-r CFLAGS='-g -O2 -fstack-protector-strong' CPPFLAGS=-D_FORTIFY_SOURCE=2 CXXFLAGS='-g -O2 -fstack-protector-strong' FCFLAGS='-g -O2 -fstack-protector-strong' FFLAGS='-g -O2 -fstack-protector-strong' GCJFLAGS='-g -O2 -fstack-protector-strong' LDFLAGS='-Wl,-Bsymbolic-functions -Wl,-z,relro' OBJCFLAGS='-g -O2 -fstack-protector-strong' OBJCXXFLAGS='-g -O2 -fstack-protector-strong' INHIBIT_LIBC_CFLAGS=-DUSE_TM_CLONE_REGISTRY=0 AR_FOR_TARGET=arm-none-eabi-ar AS_FOR_TARGET=arm-none-eabi-as LD_FOR_TARGET=arm-none-eabi-ld NM_FOR_TARGET=arm-none-eabi-nm OBJDUMP_FOR_TARGET=arm-none-eabi-objdump RANLIB_FOR_TARGET=arm-none-eabi-ranlib READELF_FOR_TARGET=arm-none-eabi-readelf STRIP_FOR_TARGET=arm-none-eabi-strip
Thread model: single
gcc version 4.9.3 20150529 (prerelease) (15:4.9.3+svn231177-1) 
COMPILER_PATH=/usr/lib/gcc/arm-none-eabi/4.9.3/:/usr/lib/gcc/arm-none-eabi/4.9.3/:/usr/lib/gcc/arm-none-eabi/:/usr/lib/gcc/arm-none-eabi/4.9.3/:/usr/lib/gcc/arm-none-eabi/:/usr/lib/gcc/arm-none-eabi/4.9.3/../../../arm-none-eabi/bin/
LIBRARY_PATH=/usr/lib/gcc/arm-none-eabi/4.9.3/armv7e-m/:/usr/lib/gcc/arm-none-eabi/4.9.3/../../../arm-none-eabi/lib/armv7e-m/:/usr/lib/gcc/arm-none-eabi/4.9.3/:/usr/lib/gcc/arm-none-eabi/4.9.3/../../../arm-none-eabi/lib/
COLLECT_GCC_OPTIONS='-Os' '-Wall' '-nostdlib' '-ffunction-sections' '-fdata-sections' '-mcpu=cortex-m4' '-mthumb' '-D' 'TIME_T=1421620748' '-Os' '-mcpu=cortex-m4' '-mthumb' '-T' '/mnt/c/Users/johnp/Desktop/cores/teensy3/mk20dx256.ld' '-v' '-o' 'cmTC_b9651'
 /usr/lib/gcc/arm-none-eabi/4.9.3/collect2 -plugin /usr/lib/gcc/arm-none-eabi/4.9.3/liblto_plugin.so -plugin-opt=/usr/lib/gcc/arm-none-eabi/4.9.3/lto-wrapper -plugin-opt=-fresolution=/tmp/ccfS47Ri.res -X -o cmTC_b9651 -L/usr/lib/gcc/arm-none-eabi/4.9.3/armv7e-m -L/usr/lib/gcc/arm-none-eabi/4.9.3/../../../arm-none-eabi/lib/armv7e-m -L/usr/lib/gcc/arm-none-eabi/4.9.3 -L/usr/lib/gcc/arm-none-eabi/4.9.3/../../../arm-none-eabi/lib --gc-sections CMakeFiles/cmTC_b9651.dir/CMakeCCompilerABI.c.obj -T /mnt/c/Users/johnp/Desktop/cores/teensy3/mk20dx256.ld
make[1]: Leaving directory '/mnt/c/Users/johnp/Documents/PlatformIO/Projects/CCD_CAN_BridgeStuff/build/CMakeFiles/CMakeTmp'


Parsed C implicit link information from above output:
  link line regex: [^( *|.*[/\])(arm-none-eabi-ld|CMAKE_LINK_STARTFILE-NOTFOUND|([^/\]+-)?ld|collect2)[^/\]*( |$)]
  ignore line: [Change Dir: /mnt/c/Users/johnp/Documents/PlatformIO/Projects/CCD_CAN_BridgeStuff/build/CMakeFiles/CMakeTmp]
  ignore line: []
  ignore line: [Run Build Command:"/usr/bin/make" "cmTC_b9651/fast"]
  ignore line: [/usr/bin/make -f CMakeFiles/cmTC_b9651.dir/build.make CMakeFiles/cmTC_b9651.dir/build]
  ignore line: [make[1]: Entering directory '/mnt/c/Users/johnp/Documents/PlatformIO/Projects/CCD_CAN_BridgeStuff/build/CMakeFiles/CMakeTmp']
  ignore line: [Building C object CMakeFiles/cmTC_b9651.dir/CMakeCCompilerABI.c.obj]
  ignore line: [/usr/bin/arm-none-eabi-gcc -DARDUINO=106 -DLAYOUT_US_ENGLISH -DTEENSYDUINO=120 -DUSB_PID=null -DUSB_VID=null -D__MK20DX256__ -I/mnt/c/Users/johnp/Desktop/cores/teensy3  -Os -Wall -nostdlib -ffunction-sections -fdata-sections -mcpu=cortex-m4 -mthumb -DTIME_T=1421620748    -MMD -o CMakeFiles/cmTC_b9651.dir/CMakeCCompilerABI.c.obj   -c /usr/local/share/cmake-3.11/Modules/CMakeCCompilerABI.c]
  ignore line: [Linking C executable cmTC_b9651]
  ignore line: [/usr/local/bin/cmake -E cmake_link_script CMakeFiles/cmTC_b9651.dir/link.txt --verbose=1]
  ignore line: [/usr/bin/arm-none-eabi-gcc -Os -Wall -nostdlib -ffunction-sections -fdata-sections -mcpu=cortex-m4 -mthumb -DTIME_T=1421620748   -Os -Wl,--gc-sections -mcpu=cortex-m4 -mthumb -T/mnt/c/Users/johnp/Desktop/cores/teensy3/mk20dx256.ld -v CMakeFiles/cmTC_b9651.dir/CMakeCCompilerABI.c.obj  -o cmTC_b9651 ]
  ignore line: [Using built-in specs.]
  ignore line: [COLLECT_GCC=/usr/bin/arm-none-eabi-gcc]
  ignore line: [COLLECT_LTO_WRAPPER=/usr/lib/gcc/arm-none-eabi/4.9.3/lto-wrapper]
  ignore line: [Target: arm-none-eabi]
  ignore line: [Configured with: ../src/configure --build=x86_64-linux-gnu --prefix=/usr --includedir='/usr/lib/include' --mandir='/usr/lib/share/man' --infodir='/usr/lib/share/info' --sysconfdir=/etc --localstatedir=/var --disable-silent-rules --libdir='/usr/lib/lib/x86_64-linux-gnu' --libexecdir='/usr/lib/lib/x86_64-linux-gnu' --disable-maintainer-mode --disable-dependency-tracking --mandir=/usr/share/man --enable-languages=c,c++,lto --enable-multilib --disable-decimal-float --disable-libffi --disable-libgomp --disable-libmudflap --disable-libquadmath --disable-libssp --disable-libstdcxx-pch --disable-nls --disable-shared --disable-threads --disable-tls --build=x86_64-linux-gnu --target=arm-none-eabi --with-system-zlib --with-gnu-as --with-gnu-ld --with-pkgversion=15:4.9.3+svn231177-1 --without-included-gettext --prefix=/usr/lib --infodir=/usr/share/doc/gcc-arm-none-eabi/info --htmldir=/usr/share/doc/gcc-arm-none-eabi/html --pdfdir=/usr/share/doc/gcc-arm-none-eabi/pdf --bindir=/usr/bin --libexecdir=/usr/lib --libdir=/usr/lib --disable-libstdc++-v3 --host=x86_64-linux-gnu --with-headers=no --without-newlib --with-multilib-list=armv6-m,armv7-m,armv7e-m,armv7-r CFLAGS='-g -O2 -fstack-protector-strong' CPPFLAGS=-D_FORTIFY_SOURCE=2 CXXFLAGS='-g -O2 -fstack-protector-strong' FCFLAGS='-g -O2 -fstack-protector-strong' FFLAGS='-g -O2 -fstack-protector-strong' GCJFLAGS='-g -O2 -fstack-protector-strong' LDFLAGS='-Wl,-Bsymbolic-functions -Wl,-z,relro' OBJCFLAGS='-g -O2 -fstack-protector-strong' OBJCXXFLAGS='-g -O2 -fstack-protector-strong' INHIBIT_LIBC_CFLAGS=-DUSE_TM_CLONE_REGISTRY=0 AR_FOR_TARGET=arm-none-eabi-ar AS_FOR_TARGET=arm-none-eabi-as LD_FOR_TARGET=arm-none-eabi-ld NM_FOR_TARGET=arm-none-eabi-nm OBJDUMP_FOR_TARGET=arm-none-eabi-objdump RANLIB_FOR_TARGET=arm-none-eabi-ranlib READELF_FOR_TARGET=arm-none-eabi-readelf STRIP_FOR_TARGET=arm-none-eabi-strip]
  ignore line: [Thread model: single]
  ignore line: [gcc version 4.9.3 20150529 (prerelease) (15:4.9.3+svn231177-1) ]
  ignore line: [COMPILER_PATH=/usr/lib/gcc/arm-none-eabi/4.9.3/:/usr/lib/gcc/arm-none-eabi/4.9.3/:/usr/lib/gcc/arm-none-eabi/:/usr/lib/gcc/arm-none-eabi/4.9.3/:/usr/lib/gcc/arm-none-eabi/:/usr/lib/gcc/arm-none-eabi/4.9.3/../../../arm-none-eabi/bin/]
  ignore line: [LIBRARY_PATH=/usr/lib/gcc/arm-none-eabi/4.9.3/armv7e-m/:/usr/lib/gcc/arm-none-eabi/4.9.3/../../../arm-none-eabi/lib/armv7e-m/:/usr/lib/gcc/arm-none-eabi/4.9.3/:/usr/lib/gcc/arm-none-eabi/4.9.3/../../../arm-none-eabi/lib/]
  ignore line: [COLLECT_GCC_OPTIONS='-Os' '-Wall' '-nostdlib' '-ffunction-sections' '-fdata-sections' '-mcpu=cortex-m4' '-mthumb' '-D' 'TIME_T=1421620748' '-Os' '-mcpu=cortex-m4' '-mthumb' '-T' '/mnt/c/Users/johnp/Desktop/cores/teensy3/mk20dx256.ld' '-v' '-o' 'cmTC_b9651']
  link line: [ /usr/lib/gcc/arm-none-eabi/4.9.3/collect2 -plugin /usr/lib/gcc/arm-none-eabi/4.9.3/liblto_plugin.so -plugin-opt=/usr/lib/gcc/arm-none-eabi/4.9.3/lto-wrapper -plugin-opt=-fresolution=/tmp/ccfS47Ri.res -X -o cmTC_b9651 -L/usr/lib/gcc/arm-none-eabi/4.9.3/armv7e-m -L/usr/lib/gcc/arm-none-eabi/4.9.3/../../../arm-none-eabi/lib/armv7e-m -L/usr/lib/gcc/arm-none-eabi/4.9.3 -L/usr/lib/gcc/arm-none-eabi/4.9.3/../../../arm-none-eabi/lib --gc-sections CMakeFiles/cmTC_b9651.dir/CMakeCCompilerABI.c.obj -T /mnt/c/Users/johnp/Desktop/cores/teensy3/mk20dx256.ld]
    arg [/usr/lib/gcc/arm-none-eabi/4.9.3/collect2] ==> ignore
    arg [-plugin] ==> ignore
    arg [/usr/lib/gcc/arm-none-eabi/4.9.3/liblto_plugin.so] ==> ignore
    arg [-plugin-opt=/usr/lib/gcc/arm-none-eabi/4.9.3/lto-wrapper] ==> ignore
    arg [-plugin-opt=-fresolution=/tmp/ccfS47Ri.res] ==> ignore
    arg [-X] ==> ignore
    arg [-o] ==> ignore
    arg [cmTC_b9651] ==> ignore
    arg [-L/usr/lib/gcc/arm-none-eabi/4.9.3/armv7e-m] ==> dir [/usr/lib/gcc/arm-none-eabi/4.9.3/armv7e-m]
    arg [-L/usr/lib/gcc/arm-none-eabi/4.9.3/../../../arm-none-eabi/lib/armv7e-m] ==> dir [/usr/lib/gcc/arm-none-eabi/4.9.3/../../../arm-none-eabi/lib/armv7e-m]
    arg [-L/usr/lib/gcc/arm-none-eabi/4.9.3] ==> dir [/usr/lib/gcc/arm-none-eabi/4.9.3]
    arg [-L/usr/lib/gcc/arm-none-eabi/4.9.3/../../../arm-none-eabi/lib] ==> dir [/usr/lib/gcc/arm-none-eabi/4.9.3/../../../arm-none-eabi/lib]
    arg [--gc-sections] ==> ignore
    arg [CMakeFiles/cmTC_b9651.dir/CMakeCCompilerABI.c.obj] ==> ignore
    arg [-T] ==> ignore
    arg [/mnt/c/Users/johnp/Desktop/cores/teensy3/mk20dx256.ld] ==> ignore
  collapse library dir [/usr/lib/gcc/arm-none-eabi/4.9.3/armv7e-m] ==> [/usr/lib/gcc/arm-none-eabi/4.9.3/armv7e-m]
  collapse library dir [/usr/lib/gcc/arm-none-eabi/4.9.3/../../../arm-none-eabi/lib/armv7e-m] ==> [/usr/lib/arm-none-eabi/lib/armv7e-m]
  collapse library dir [/usr/lib/gcc/arm-none-eabi/4.9.3] ==> [/usr/lib/gcc/arm-none-eabi/4.9.3]
  collapse library dir [/usr/lib/gcc/arm-none-eabi/4.9.3/../../../arm-none-eabi/lib] ==> [/usr/lib/arm-none-eabi/lib]
  implicit libs: []
  implicit dirs: [/usr/lib/gcc/arm-none-eabi/4.9.3/armv7e-m;/usr/lib/arm-none-eabi/lib/armv7e-m;/usr/lib/gcc/arm-none-eabi/4.9.3;/usr/lib/arm-none-eabi/lib]
  implicit fwks: []




Detecting C [-std=c11] compiler features compiled with the following output:
Change Dir: /mnt/c/Users/johnp/Documents/PlatformIO/Projects/CCD_CAN_BridgeStuff/build/CMakeFiles/CMakeTmp

Run Build Command:"/usr/bin/make" "cmTC_98365/fast"
/usr/bin/make -f CMakeFiles/cmTC_98365.dir/build.make CMakeFiles/cmTC_98365.dir/build
make[1]: Entering directory '/mnt/c/Users/johnp/Documents/PlatformIO/Projects/CCD_CAN_BridgeStuff/build/CMakeFiles/CMakeTmp'
Building C object CMakeFiles/cmTC_98365.dir/feature_tests.c.obj
/usr/bin/arm-none-eabi-gcc -DARDUINO=106 -DLAYOUT_US_ENGLISH -DTEENSYDUINO=120 -DUSB_PID=null -DUSB_VID=null -D__MK20DX256__ -I/mnt/c/Users/johnp/Desktop/cores/teensy3  -Os -Wall -nostdlib -ffunction-sections -fdata-sections -mcpu=cortex-m4 -mthumb -DTIME_T=1421620748    -MMD -std=c11 -o CMakeFiles/cmTC_98365.dir/feature_tests.c.obj   -c /mnt/c/Users/johnp/Documents/PlatformIO/Projects/CCD_CAN_BridgeStuff/build/CMakeFiles/feature_tests.c
Linking C executable cmTC_98365
/usr/local/bin/cmake -E cmake_link_script CMakeFiles/cmTC_98365.dir/link.txt --verbose=1
/usr/bin/arm-none-eabi-gcc -Os -Wall -nostdlib -ffunction-sections -fdata-sections -mcpu=cortex-m4 -mthumb -DTIME_T=1421620748   -Os -Wl,--gc-sections -mcpu=cortex-m4 -mthumb -T/mnt/c/Users/johnp/Desktop/cores/teensy3/mk20dx256.ld  CMakeFiles/cmTC_98365.dir/feature_tests.c.obj  -o cmTC_98365 
make[1]: Leaving directory '/mnt/c/Users/johnp/Documents/PlatformIO/Projects/CCD_CAN_BridgeStuff/build/CMakeFiles/CMakeTmp'




Detecting C [-std=c99] compiler features compiled with the following output:
Change Dir: /mnt/c/Users/johnp/Documents/PlatformIO/Projects/CCD_CAN_BridgeStuff/build/CMakeFiles/CMakeTmp

Run Build Command:"/usr/bin/make" "cmTC_4917b/fast"
/usr/bin/make -f CMakeFiles/cmTC_4917b.dir/build.make CMakeFiles/cmTC_4917b.dir/build
make[1]: Entering directory '/mnt/c/Users/johnp/Documents/PlatformIO/Projects/CCD_CAN_BridgeStuff/build/CMakeFiles/CMakeTmp'
Building C object CMakeFiles/cmTC_4917b.dir/feature_tests.c.obj
/usr/bin/arm-none-eabi-gcc -DARDUINO=106 -DLAYOUT_US_ENGLISH -DTEENSYDUINO=120 -DUSB_PID=null -DUSB_VID=null -D__MK20DX256__ -I/mnt/c/Users/johnp/Desktop/cores/teensy3  -Os -Wall -nostdlib -ffunction-sections -fdata-sections -mcpu=cortex-m4 -mthumb -DTIME_T=1421620748    -MMD -std=c99 -o CMakeFiles/cmTC_4917b.dir/feature_tests.c.obj   -c /mnt/c/Users/johnp/Documents/PlatformIO/Projects/CCD_CAN_BridgeStuff/build/CMakeFiles/feature_tests.c
Linking C executable cmTC_4917b
/usr/local/bin/cmake -E cmake_link_script CMakeFiles/cmTC_4917b.dir/link.txt --verbose=1
/usr/bin/arm-none-eabi-gcc -Os -Wall -nostdlib -ffunction-sections -fdata-sections -mcpu=cortex-m4 -mthumb -DTIME_T=1421620748   -Os -Wl,--gc-sections -mcpu=cortex-m4 -mthumb -T/mnt/c/Users/johnp/Desktop/cores/teensy3/mk20dx256.ld  CMakeFiles/cmTC_4917b.dir/feature_tests.c.obj  -o cmTC_4917b 
make[1]: Leaving directory '/mnt/c/Users/johnp/Documents/PlatformIO/Projects/CCD_CAN_BridgeStuff/build/CMakeFiles/CMakeTmp'




Detecting C [-std=c90] compiler features compiled with the following output:
Change Dir: /mnt/c/Users/johnp/Documents/PlatformIO/Projects/CCD_CAN_BridgeStuff/build/CMakeFiles/CMakeTmp

Run Build Command:"/usr/bin/make" "cmTC_7dad5/fast"
/usr/bin/make -f CMakeFiles/cmTC_7dad5.dir/build.make CMakeFiles/cmTC_7dad5.dir/build
make[1]: Entering directory '/mnt/c/Users/johnp/Documents/PlatformIO/Projects/CCD_CAN_BridgeStuff/build/CMakeFiles/CMakeTmp'
Building C object CMakeFiles/cmTC_7dad5.dir/feature_tests.c.obj
/usr/bin/arm-none-eabi-gcc -DARDUINO=106 -DLAYOUT_US_ENGLISH -DTEENSYDUINO=120 -DUSB_PID=null -DUSB_VID=null -D__MK20DX256__ -I/mnt/c/Users/johnp/Desktop/cores/teensy3  -Os -Wall -nostdlib -ffunction-sections -fdata-sections -mcpu=cortex-m4 -mthumb -DTIME_T=1421620748    -MMD -std=c90 -o CMakeFiles/cmTC_7dad5.dir/feature_tests.c.obj   -c /mnt/c/Users/johnp/Documents/PlatformIO/Projects/CCD_CAN_BridgeStuff/build/CMakeFiles/feature_tests.c
Linking C executable cmTC_7dad5
/usr/local/bin/cmake -E cmake_link_script CMakeFiles/cmTC_7dad5.dir/link.txt --verbose=1
/usr/bin/arm-none-eabi-gcc -Os -Wall -nostdlib -ffunction-sections -fdata-sections -mcpu=cortex-m4 -mthumb -DTIME_T=1421620748   -Os -Wl,--gc-sections -mcpu=cortex-m4 -mthumb -T/mnt/c/Users/johnp/Desktop/cores/teensy3/mk20dx256.ld  CMakeFiles/cmTC_7dad5.dir/feature_tests.c.obj  -o cmTC_7dad5 
make[1]: Leaving directory '/mnt/c/Users/johnp/Documents/PlatformIO/Projects/CCD_CAN_BridgeStuff/build/CMakeFiles/CMakeTmp'


Compiling the CXX compiler identification source file "CMakeCXXCompilerId.cpp" succeeded.
Compiler: /usr/bin/arm-none-eabi-g++ 
Build flags: -Os;-Wall;-nostdlib;-ffunction-sections;-fdata-sections;-mcpu=cortex-m4;-mthumb;-fno-exceptions;-fno-rtti;-felide-constructors;-std=gnu++0x
Id flags:  

The output was:
0
/usr/lib/gcc/arm-none-eabi/4.9.3/../../../arm-none-eabi/bin/ld: warning: cannot find entry symbol _start; defaulting to 0000000000008000


Compilation of the CXX compiler identification source "CMakeCXXCompilerId.cpp" produced "a.out"

The CXX compiler identification is GNU, found in "/mnt/c/Users/johnp/Documents/PlatformIO/Projects/CCD_CAN_BridgeStuff/build/CMakeFiles/3.11.1/CompilerIdCXX/a.out"

